#
# A fatal error has been detected by the Java Runtime Environment:
#
#  Internal Error (javaClasses.cpp:136), pid=3344, tid=7996
#  fatal error: Invalid layout of preloaded class
#
# JRE version:  (7.0_45-b18) (build )
# Java VM: Java HotSpot(TM) Client VM (24.45-b08 mixed mode windows-x86 )
# Failed to write core dump. Minidumps are not enabled by default on client versions of Windows
#
# If you would like to submit a bug report, please visit:
#   http://bugreport.sun.com/bugreport/crash.jsp
#

---------------  T H R E A D  ---------------

Current thread (0x013fcc00):  JavaThread "Unknown thread" [_thread_in_vm, id=7996, stack(0x01370000,0x013c0000)]

Stack: [0x01370000,0x013c0000],  sp=0x013bf9e0,  free space=318k
Native frames: (J=compiled Java code, j=interpreted, Vv=VM code, C=native code)
V  [jvm.dll+0x18df51]
V  [jvm.dll+0x187cc6]
V  [jvm.dll+0x3586a]
V  [jvm.dll+0x358f6]
V  [jvm.dll+0x4400d]
V  [jvm.dll+0x442be]
V  [jvm.dll+0x9263a]
V  [jvm.dll+0x929eb]
V  [jvm.dll+0x13daf1]
V  [jvm.dll+0x1605fc]
V  [jvm.dll+0xc8ebf]
C  [javaw.exe+0x13ce]
C  [javaw.exe+0x1e40]
C  [javaw.exe+0xa5b1]
C  [javaw.exe+0xa63b]
C  [kernel32.dll+0x4ee1c]
C  [ntdll.dll+0x637eb]
C  [ntdll.dll+0x637be]


---------------  P R O C E S S  ---------------

Java Threads: ( => current thread )

Other Threads:

=>0x013fcc00 (exited) JavaThread "Unknown thread" [_thread_in_vm, id=7996, stack(0x01370000,0x013c0000)]

VM state:not at safepoint (not fully initialized)

VM Mutex/Monitor currently owned by a thread: None

GC Heap History (0 events):
No events

Deoptimization events (0 events):
No events

Internal exceptions (0 events):
No events

Events (10 events):
Event: 0.005 loading class 0x01299508 done
Event: 0.005 loading class 0x01298f98 done
Event: 0.005 loading class 0x01298f78
Event: 0.005 loading class 0x012a02a0
Event: 0.005 loading class 0x012a02a0 done
Event: 0.005 loading class 0x012a02d0
Event: 0.005 loading class 0x012a02d0 done
Event: 0.005 loading class 0x012a0300
Event: 0.005 loading class 0x012a0300 done
Event: 0.006 loading class 0x01298f78 done


Dynamic libraries:
0x00260000 - 0x0028f000 	C:\Program Files\Java\jre7\bin\javaw.exe
0x77bd0000 - 0x77d0c000 	C:\Windows\SYSTEM32\ntdll.dll
0x76160000 - 0x76234000 	C:\Windows\system32\kernel32.dll
0x75e90000 - 0x75edb000 	C:\Windows\system32\KERNELBASE.dll
0x75f50000 - 0x75ff0000 	C:\Windows\system32\ADVAPI32.dll
0x77b20000 - 0x77bcc000 	C:\Windows\system32\msvcrt.dll
0x77de0000 - 0x77df9000 	C:\Windows\SYSTEM32\sechost.dll
0x76600000 - 0x766a2000 	C:\Windows\system32\RPCRT4.dll
0x774e0000 - 0x775a9000 	C:\Windows\system32\USER32.dll
0x76770000 - 0x767be000 	C:\Windows\system32\GDI32.dll
0x76150000 - 0x7615a000 	C:\Windows\system32\LPK.dll
0x776d0000 - 0x7776d000 	C:\Windows\system32\USP10.dll
0x748c0000 - 0x74a5e000 	C:\Windows\WinSxS\x86_microsoft.windows.common-controls_6595b64144ccf1df_6.0.7601.17514_none_41e6975e2bd6f2b2\COMCTL32.dll
0x766b0000 - 0x76707000 	C:\Windows\system32\SHLWAPI.dll
0x76130000 - 0x7614f000 	C:\Windows\system32\IMM32.DLL
0x77600000 - 0x776cc000 	C:\Windows\system32\MSCTF.dll
0x5a970000 - 0x5aa2f000 	C:\Program Files\Java\jre7\bin\msvcr100.dll
0x6e690000 - 0x6ea10000 	C:\Program Files\Java\jre7\bin\client\jvm.dll
0x71d60000 - 0x71d67000 	C:\Windows\system32\WSOCK32.dll
0x77da0000 - 0x77dd5000 	C:\Windows\system32\WS2_32.dll
0x77d90000 - 0x77d96000 	C:\Windows\system32\NSI.dll
0x71cf0000 - 0x71d22000 	C:\Windows\system32\WINMM.dll
0x75ff0000 - 0x75ff5000 	C:\Windows\system32\PSAPI.DLL
0x6e360000 - 0x6e36c000 	C:\Program Files\Java\jre7\bin\verify.dll
0x6ce80000 - 0x6cea0000 	C:\Program Files\Java\jre7\bin\java.dll
0x6dff0000 - 0x6e003000 	C:\Program Files\Java\jre7\bin\zip.dll
0x707e0000 - 0x708cb000 	C:\Windows\system32\dbghelp.dll

VM Arguments:
jvm_args: -Dfile.encoding=GBK -Xbootclasspath:E:\Development\adt-bundle-windows-x86-20140321\sdk\platforms\android-19\android.jar 
java_command: com.example.vanillatravel.test.testNetwork
Launcher Type: SUN_STANDARD

Environment Variables:
PATH=C:/Program Files/Java/jre7/bin/client;C:/Program Files/Java/jre7/bin;C:/Program Files/Java/jre7/lib/i386;C:\Program Files\Intel\iCLS Client\;C:\Windows\system32;C:\Windows;C:\Windows\System32\Wbem;C:\Windows\System32\WindowsPowerShell\v1.0\;C:\Program Files\Intel\Intel(R) Management Engine Components\DAL;C:\Program Files\Intel\Intel(R) Management Engine Components\IPT;C:\Program Files\Intel\OpenCL SDK\2.0\bin\x86;C:\Program Files\Microsoft\Web Platform Installer\;C:\Program Files\Microsoft ASP.NET\ASP.NET Web Pages\v1.0\;C:\Program Files\Windows Kits\8.0\Windows Performance Toolkit\;C:\Program Files\Microsoft SQL Server\110\Tools\Binn\;D:\Program Files\QuickTime\QTSystem\;D:\MATLAB\bin\win32;D:\Program Files\Microsoft Visual Studio\Common\Tools\WinNT;D:\Program Files\Microsoft Visual Studio\Common\MSDev98\Bin;D:\Program Files\Microsoft Visual Studio\Common\Tools;D:\Program Files\Microsoft Visual Studio\VC98\bin;E:\Development\adt-bundle-windows-x86-20140321\eclipse;
USERNAME=soft
OS=Windows_NT
PROCESSOR_IDENTIFIER=x86 Family 6 Model 58 Stepping 9, GenuineIntel



---------------  S Y S T E M  ---------------

OS: Windows 7 Build 7601 Service Pack 1

CPU:total 4 (4 cores per cpu, 1 threads per core) family 6 model 58 stepping 9, cmov, cx8, fxsr, mmx, sse, sse2, sse3, ssse3, sse4.1, sse4.2, popcnt, avx, aes, erms, tsc, tscinvbit, tscinv

Memory: 4k page, physical 3580464k(532268k free), swap 7159176k(2178744k free)

vm_info: Java HotSpot(TM) Client VM (24.45-b08) for windows-x86 JRE (1.7.0_45-b18), built on Oct  8 2013 06:02:43 by "java_re" with unknown MS VC++:1600

time: Fri May 02 11:30:57 2014
elapsed time: 0 seconds

